Performing C SOURCE FILE Test CHECK_CPU_ARCHITECTURE_X64 failed with the following output:
Change Dir: /Users/hunter/Queen's University/CISC 320/CasinoLite/cmake-build-debug/CMakeFiles/CMakeScratch/TryCompile-iEx0BC

Run Build Command(s):/Applications/CLion.app/Contents/bin/ninja/mac/ninja cmTC_7d201 && [1/2] Building C object CMakeFiles/cmTC_7d201.dir/src.c.o
FAILED: CMakeFiles/cmTC_7d201.dir/src.c.o 
/Applications/Xcode.app/Contents/Developer/Toolchains/XcodeDefault.xctoolchain/usr/bin/cc -DCHECK_CPU_ARCHITECTURE_X64  -arch arm64 -isysroot /Applications/Xcode.app/Contents/Developer/Platforms/MacOSX.platform/Developer/SDKs/MacOSX13.3.sdk -fcolor-diagnostics -MD -MT CMakeFiles/cmTC_7d201.dir/src.c.o -MF CMakeFiles/cmTC_7d201.dir/src.c.o.d -o CMakeFiles/cmTC_7d201.dir/src.c.o -c '/Users/hunter/Queen'\''s University/CISC 320/CasinoLite/cmake-build-debug/CMakeFiles/CMakeScratch/TryCompile-iEx0BC/src.c'
/Users/hunter/Queen's University/CISC 320/CasinoLite/cmake-build-debug/CMakeFiles/CMakeScratch/TryCompile-iEx0BC/src.c:6:3: error: use of undeclared identifier 'choke'
  choke
  ^
1 error generated.
ninja: build stopped: subcommand failed.


Source file was:

int main(int argc, char *argv[]) {
#if defined(__amd64__) || defined(__amd64) || defined(__x86_64__) || defined(__x86_64) || defined(_M_X64) || defined(_M_AMD64)
  return 0;
#else
  choke
#endif
}


Performing C SOURCE FILE Test CHECK_CPU_ARCHITECTURE_X86 failed with the following output:
Change Dir: /Users/hunter/Queen's University/CISC 320/CasinoLite/cmake-build-debug/CMakeFiles/CMakeScratch/TryCompile-PKkmrn

Run Build Command(s):/Applications/CLion.app/Contents/bin/ninja/mac/ninja cmTC_da8b1 && [1/2] Building C object CMakeFiles/cmTC_da8b1.dir/src.c.o
FAILED: CMakeFiles/cmTC_da8b1.dir/src.c.o 
/Applications/Xcode.app/Contents/Developer/Toolchains/XcodeDefault.xctoolchain/usr/bin/cc -DCHECK_CPU_ARCHITECTURE_X86  -arch arm64 -isysroot /Applications/Xcode.app/Contents/Developer/Platforms/MacOSX.platform/Developer/SDKs/MacOSX13.3.sdk -fcolor-diagnostics -MD -MT CMakeFiles/cmTC_da8b1.dir/src.c.o -MF CMakeFiles/cmTC_da8b1.dir/src.c.o.d -o CMakeFiles/cmTC_da8b1.dir/src.c.o -c '/Users/hunter/Queen'\''s University/CISC 320/CasinoLite/cmake-build-debug/CMakeFiles/CMakeScratch/TryCompile-PKkmrn/src.c'
/Users/hunter/Queen's University/CISC 320/CasinoLite/cmake-build-debug/CMakeFiles/CMakeScratch/TryCompile-PKkmrn/src.c:6:3: error: use of undeclared identifier 'choke'
  choke
  ^
1 error generated.
ninja: build stopped: subcommand failed.


Source file was:

int main(int argc, char *argv[]) {
#if defined(__i386__) || defined(__i486__) || defined(__i586__) || defined(__i686__) ||defined( __i386) || defined(_M_IX86)
  return 0;
#else
  choke
#endif
}


Determining if the __GLIBC__ exist failed with the following output:
Change Dir: /Users/hunter/Queen's University/CISC 320/CasinoLite/cmake-build-debug/CMakeFiles/CMakeScratch/TryCompile-astwSp

Run Build Command(s):/Applications/CLion.app/Contents/bin/ninja/mac/ninja cmTC_ef76d && [1/2] Building C object CMakeFiles/cmTC_ef76d.dir/CheckSymbolExists.c.o
FAILED: CMakeFiles/cmTC_ef76d.dir/CheckSymbolExists.c.o 
/Applications/Xcode.app/Contents/Developer/Toolchains/XcodeDefault.xctoolchain/usr/bin/cc   -D_GNU_SOURCE=1 -arch arm64 -isysroot /Applications/Xcode.app/Contents/Developer/Platforms/MacOSX.platform/Developer/SDKs/MacOSX13.3.sdk -fcolor-diagnostics -MD -MT CMakeFiles/cmTC_ef76d.dir/CheckSymbolExists.c.o -MF CMakeFiles/cmTC_ef76d.dir/CheckSymbolExists.c.o.d -o CMakeFiles/cmTC_ef76d.dir/CheckSymbolExists.c.o -c '/Users/hunter/Queen'\''s University/CISC 320/CasinoLite/cmake-build-debug/CMakeFiles/CMakeScratch/TryCompile-astwSp/CheckSymbolExists.c'
/Users/hunter/Queen's University/CISC 320/CasinoLite/cmake-build-debug/CMakeFiles/CMakeScratch/TryCompile-astwSp/CheckSymbolExists.c:8:19: error: use of undeclared identifier '__GLIBC__'
  return ((int*)(&__GLIBC__))[argc];
                  ^
1 error generated.
ninja: build stopped: subcommand failed.


File CheckSymbolExists.c:
/* */
#include <stdlib.h>

int main(int argc, char** argv)
{
  (void)argv;
#ifndef __GLIBC__
  return ((int*)(&__GLIBC__))[argc];
#else
  (void)argc;
  return 0;
#endif
}

Performing C SOURCE FILE Test HAVE_WL_VERSION_SCRIPT failed with the following output:
Change Dir: /Users/hunter/Queen's University/CISC 320/CasinoLite/cmake-build-debug/CMakeFiles/CMakeScratch/TryCompile-1H4Tpi

Run Build Command(s):/Applications/CLion.app/Contents/bin/ninja/mac/ninja cmTC_387d4 && [1/2] Building C object CMakeFiles/cmTC_387d4.dir/src.c.o
[2/2] Linking C executable cmTC_387d4
FAILED: cmTC_387d4 
: && /Applications/Xcode.app/Contents/Developer/Toolchains/XcodeDefault.xctoolchain/usr/bin/cc -D_GNU_SOURCE=1 -arch arm64 -isysroot /Applications/Xcode.app/Contents/Developer/Platforms/MacOSX.platform/Developer/SDKs/MacOSX13.3.sdk -Wl,-search_paths_first -Wl,-headerpad_max_install_names "-Wl,--version-script=/Users/hunter/Queen's University/CISC 320/CasinoLite/vendor/SDL/src/dynapi/SDL_dynapi.sym" CMakeFiles/cmTC_387d4.dir/src.c.o -o cmTC_387d4   && :
ld: unknown option: --version-script=/Users/hunter/Queen's University/CISC 320/CasinoLite/vendor/SDL/src/dynapi/SDL_dynapi.sym
clang: error: linker command failed with exit code 1 (use -v to see invocation)
ninja: build stopped: subcommand failed.


Source file was:
int main(void) { return 0; }

Determining if the include file malloc.h exists failed with the following output:
Change Dir: /Users/hunter/Queen's University/CISC 320/CasinoLite/cmake-build-debug/CMakeFiles/CMakeScratch/TryCompile-YcceST

Run Build Command(s):/Applications/CLion.app/Contents/bin/ninja/mac/ninja cmTC_5293a && [1/2] Building C object CMakeFiles/cmTC_5293a.dir/CheckIncludeFile.c.o
FAILED: CMakeFiles/cmTC_5293a.dir/CheckIncludeFile.c.o 
/Applications/Xcode.app/Contents/Developer/Toolchains/XcodeDefault.xctoolchain/usr/bin/cc   -D_GNU_SOURCE=1 -arch arm64 -isysroot /Applications/Xcode.app/Contents/Developer/Platforms/MacOSX.platform/Developer/SDKs/MacOSX13.3.sdk -fcolor-diagnostics -MD -MT CMakeFiles/cmTC_5293a.dir/CheckIncludeFile.c.o -MF CMakeFiles/cmTC_5293a.dir/CheckIncludeFile.c.o.d -o CMakeFiles/cmTC_5293a.dir/CheckIncludeFile.c.o -c '/Users/hunter/Queen'\''s University/CISC 320/CasinoLite/cmake-build-debug/CMakeFiles/CMakeScratch/TryCompile-YcceST/CheckIncludeFile.c'
/Users/hunter/Queen's University/CISC 320/CasinoLite/cmake-build-debug/CMakeFiles/CMakeScratch/TryCompile-YcceST/CheckIncludeFile.c:1:10: fatal error: 'malloc.h' file not found
#include <malloc.h>
         ^~~~~~~~~~
1 error generated.
ninja: build stopped: subcommand failed.



Determining if the fopen64 exist failed with the following output:
Change Dir: /Users/hunter/Queen's University/CISC 320/CasinoLite/cmake-build-debug/CMakeFiles/CMakeScratch/TryCompile-nw85OK

Run Build Command(s):/Applications/CLion.app/Contents/bin/ninja/mac/ninja cmTC_eb224 && [1/2] Building C object CMakeFiles/cmTC_eb224.dir/CheckSymbolExists.c.o
FAILED: CMakeFiles/cmTC_eb224.dir/CheckSymbolExists.c.o 
/Applications/Xcode.app/Contents/Developer/Toolchains/XcodeDefault.xctoolchain/usr/bin/cc   -D_GNU_SOURCE=1 -arch arm64 -isysroot /Applications/Xcode.app/Contents/Developer/Platforms/MacOSX.platform/Developer/SDKs/MacOSX13.3.sdk -fcolor-diagnostics -MD -MT CMakeFiles/cmTC_eb224.dir/CheckSymbolExists.c.o -MF CMakeFiles/cmTC_eb224.dir/CheckSymbolExists.c.o.d -o CMakeFiles/cmTC_eb224.dir/CheckSymbolExists.c.o -c '/Users/hunter/Queen'\''s University/CISC 320/CasinoLite/cmake-build-debug/CMakeFiles/CMakeScratch/TryCompile-nw85OK/CheckSymbolExists.c'
/Users/hunter/Queen's University/CISC 320/CasinoLite/cmake-build-debug/CMakeFiles/CMakeScratch/TryCompile-nw85OK/CheckSymbolExists.c:25:19: error: use of undeclared identifier 'fopen64'; did you mean 'fopen'?
  return ((int*)(&fopen64))[argc];
                  ^~~~~~~
                  fopen
/Applications/Xcode.app/Contents/Developer/Platforms/MacOSX.platform/Developer/SDKs/MacOSX13.3.sdk/usr/include/stdio.h:153:7: note: 'fopen' declared here
FILE    *fopen(const char * __restrict __filename, const char * __restrict __mode) __DARWIN_ALIAS_STARTING(__MAC_10_6, __IPHONE_2_0, __DARWIN_ALIAS(fopen));
         ^
1 error generated.
ninja: build stopped: subcommand failed.


File CheckSymbolExists.c:
/* */
#include <alloca.h>
#include <ctype.h>
#include <float.h>
#include <iconv.h>
#include <inttypes.h>
#include <limits.h>
#include <math.h>
#include <memory.h>
#include <signal.h>
#include <stdarg.h>
#include <stddef.h>
#include <stdint.h>
#include <stdio.h>
#include <stdlib.h>
#include <string.h>
#include <strings.h>
#include <sys/types.h>
#include <wchar.h>

int main(int argc, char** argv)
{
  (void)argv;
#ifndef fopen64
  return ((int*)(&fopen64))[argc];
#else
  (void)argc;
  return 0;
#endif
}

Determining if the fseeko64 exist failed with the following output:
Change Dir: /Users/hunter/Queen's University/CISC 320/CasinoLite/cmake-build-debug/CMakeFiles/CMakeScratch/TryCompile-2fiEig

Run Build Command(s):/Applications/CLion.app/Contents/bin/ninja/mac/ninja cmTC_de29b && [1/2] Building C object CMakeFiles/cmTC_de29b.dir/CheckSymbolExists.c.o
FAILED: CMakeFiles/cmTC_de29b.dir/CheckSymbolExists.c.o 
/Applications/Xcode.app/Contents/Developer/Toolchains/XcodeDefault.xctoolchain/usr/bin/cc   -D_GNU_SOURCE=1 -arch arm64 -isysroot /Applications/Xcode.app/Contents/Developer/Platforms/MacOSX.platform/Developer/SDKs/MacOSX13.3.sdk -fcolor-diagnostics -MD -MT CMakeFiles/cmTC_de29b.dir/CheckSymbolExists.c.o -MF CMakeFiles/cmTC_de29b.dir/CheckSymbolExists.c.o.d -o CMakeFiles/cmTC_de29b.dir/CheckSymbolExists.c.o -c '/Users/hunter/Queen'\''s University/CISC 320/CasinoLite/cmake-build-debug/CMakeFiles/CMakeScratch/TryCompile-2fiEig/CheckSymbolExists.c'
/Users/hunter/Queen's University/CISC 320/CasinoLite/cmake-build-debug/CMakeFiles/CMakeScratch/TryCompile-2fiEig/CheckSymbolExists.c:25:19: error: use of undeclared identifier 'fseeko64'; did you mean 'fseeko'?
  return ((int*)(&fseeko64))[argc];
                  ^~~~~~~~
                  fseeko
/Applications/Xcode.app/Contents/Developer/Platforms/MacOSX.platform/Developer/SDKs/MacOSX13.3.sdk/usr/include/stdio.h:337:6: note: 'fseeko' declared here
int      fseeko(FILE * __stream, off_t __offset, int __whence);
         ^
1 error generated.
ninja: build stopped: subcommand failed.


File CheckSymbolExists.c:
/* */
#include <alloca.h>
#include <ctype.h>
#include <float.h>
#include <iconv.h>
#include <inttypes.h>
#include <limits.h>
#include <math.h>
#include <memory.h>
#include <signal.h>
#include <stdarg.h>
#include <stddef.h>
#include <stdint.h>
#include <stdio.h>
#include <stdlib.h>
#include <string.h>
#include <strings.h>
#include <sys/types.h>
#include <wchar.h>

int main(int argc, char** argv)
{
  (void)argv;
#ifndef fseeko64
  return ((int*)(&fseeko64))[argc];
#else
  (void)argc;
  return 0;
#endif
}

Determining if the _i64toa exist failed with the following output:
Change Dir: /Users/hunter/Queen's University/CISC 320/CasinoLite/cmake-build-debug/CMakeFiles/CMakeScratch/TryCompile-ReD9es

Run Build Command(s):/Applications/CLion.app/Contents/bin/ninja/mac/ninja cmTC_69757 && [1/2] Building C object CMakeFiles/cmTC_69757.dir/CheckSymbolExists.c.o
FAILED: CMakeFiles/cmTC_69757.dir/CheckSymbolExists.c.o 
/Applications/Xcode.app/Contents/Developer/Toolchains/XcodeDefault.xctoolchain/usr/bin/cc   -D_GNU_SOURCE=1 -arch arm64 -isysroot /Applications/Xcode.app/Contents/Developer/Platforms/MacOSX.platform/Developer/SDKs/MacOSX13.3.sdk -fcolor-diagnostics -MD -MT CMakeFiles/cmTC_69757.dir/CheckSymbolExists.c.o -MF CMakeFiles/cmTC_69757.dir/CheckSymbolExists.c.o.d -o CMakeFiles/cmTC_69757.dir/CheckSymbolExists.c.o -c '/Users/hunter/Queen'\''s University/CISC 320/CasinoLite/cmake-build-debug/CMakeFiles/CMakeScratch/TryCompile-ReD9es/CheckSymbolExists.c'
/Users/hunter/Queen's University/CISC 320/CasinoLite/cmake-build-debug/CMakeFiles/CMakeScratch/TryCompile-ReD9es/CheckSymbolExists.c:25:19: error: use of undeclared identifier '_i64toa'
  return ((int*)(&_i64toa))[argc];
                  ^
1 error generated.
ninja: build stopped: subcommand failed.


File CheckSymbolExists.c:
/* */
#include <alloca.h>
#include <ctype.h>
#include <float.h>
#include <iconv.h>
#include <inttypes.h>
#include <limits.h>
#include <math.h>
#include <memory.h>
#include <signal.h>
#include <stdarg.h>
#include <stddef.h>
#include <stdint.h>
#include <stdio.h>
#include <stdlib.h>
#include <string.h>
#include <strings.h>
#include <sys/types.h>
#include <wchar.h>

int main(int argc, char** argv)
{
  (void)argv;
#ifndef _i64toa
  return ((int*)(&_i64toa))[argc];
#else
  (void)argc;
  return 0;
#endif
}

Determining if the itoa exist failed with the following output:
Change Dir: /Users/hunter/Queen's University/CISC 320/CasinoLite/cmake-build-debug/CMakeFiles/CMakeScratch/TryCompile-GytRlR

Run Build Command(s):/Applications/CLion.app/Contents/bin/ninja/mac/ninja cmTC_ad180 && [1/2] Building C object CMakeFiles/cmTC_ad180.dir/CheckSymbolExists.c.o
FAILED: CMakeFiles/cmTC_ad180.dir/CheckSymbolExists.c.o 
/Applications/Xcode.app/Contents/Developer/Toolchains/XcodeDefault.xctoolchain/usr/bin/cc   -D_GNU_SOURCE=1 -arch arm64 -isysroot /Applications/Xcode.app/Contents/Developer/Platforms/MacOSX.platform/Developer/SDKs/MacOSX13.3.sdk -fcolor-diagnostics -MD -MT CMakeFiles/cmTC_ad180.dir/CheckSymbolExists.c.o -MF CMakeFiles/cmTC_ad180.dir/CheckSymbolExists.c.o.d -o CMakeFiles/cmTC_ad180.dir/CheckSymbolExists.c.o -c '/Users/hunter/Queen'\''s University/CISC 320/CasinoLite/cmake-build-debug/CMakeFiles/CMakeScratch/TryCompile-GytRlR/CheckSymbolExists.c'
/Users/hunter/Queen's University/CISC 320/CasinoLite/cmake-build-debug/CMakeFiles/CMakeScratch/TryCompile-GytRlR/CheckSymbolExists.c:25:19: error: use of undeclared identifier 'itoa'
  return ((int*)(&itoa))[argc];
                  ^
1 error generated.
ninja: build stopped: subcommand failed.


File CheckSymbolExists.c:
/* */
#include <alloca.h>
#include <ctype.h>
#include <float.h>
#include <iconv.h>
#include <inttypes.h>
#include <limits.h>
#include <math.h>
#include <memory.h>
#include <signal.h>
#include <stdarg.h>
#include <stddef.h>
#include <stdint.h>
#include <stdio.h>
#include <stdlib.h>
#include <string.h>
#include <strings.h>
#include <sys/types.h>
#include <wchar.h>

int main(int argc, char** argv)
{
  (void)argv;
#ifndef itoa
  return ((int*)(&itoa))[argc];
#else
  (void)argc;
  return 0;
#endif
}

Determining if the _ltoa exist failed with the following output:
Change Dir: /Users/hunter/Queen's University/CISC 320/CasinoLite/cmake-build-debug/CMakeFiles/CMakeScratch/TryCompile-zWTi8J

Run Build Command(s):/Applications/CLion.app/Contents/bin/ninja/mac/ninja cmTC_33abc && [1/2] Building C object CMakeFiles/cmTC_33abc.dir/CheckSymbolExists.c.o
FAILED: CMakeFiles/cmTC_33abc.dir/CheckSymbolExists.c.o 
/Applications/Xcode.app/Contents/Developer/Toolchains/XcodeDefault.xctoolchain/usr/bin/cc   -D_GNU_SOURCE=1 -arch arm64 -isysroot /Applications/Xcode.app/Contents/Developer/Platforms/MacOSX.platform/Developer/SDKs/MacOSX13.3.sdk -fcolor-diagnostics -MD -MT CMakeFiles/cmTC_33abc.dir/CheckSymbolExists.c.o -MF CMakeFiles/cmTC_33abc.dir/CheckSymbolExists.c.o.d -o CMakeFiles/cmTC_33abc.dir/CheckSymbolExists.c.o -c '/Users/hunter/Queen'\''s University/CISC 320/CasinoLite/cmake-build-debug/CMakeFiles/CMakeScratch/TryCompile-zWTi8J/CheckSymbolExists.c'
/Users/hunter/Queen's University/CISC 320/CasinoLite/cmake-build-debug/CMakeFiles/CMakeScratch/TryCompile-zWTi8J/CheckSymbolExists.c:25:19: error: use of undeclared identifier '_ltoa'
  return ((int*)(&_ltoa))[argc];
                  ^
1 error generated.
ninja: build stopped: subcommand failed.


File CheckSymbolExists.c:
/* */
#include <alloca.h>
#include <ctype.h>
#include <float.h>
#include <iconv.h>
#include <inttypes.h>
#include <limits.h>
#include <math.h>
#include <memory.h>
#include <signal.h>
#include <stdarg.h>
#include <stddef.h>
#include <stdint.h>
#include <stdio.h>
#include <stdlib.h>
#include <string.h>
#include <strings.h>
#include <sys/types.h>
#include <wchar.h>

int main(int argc, char** argv)
{
  (void)argv;
#ifndef _ltoa
  return ((int*)(&_ltoa))[argc];
#else
  (void)argc;
  return 0;
#endif
}

Determining if the sqr exist failed with the following output:
Change Dir: /Users/hunter/Queen's University/CISC 320/CasinoLite/cmake-build-debug/CMakeFiles/CMakeScratch/TryCompile-hTKtrH

Run Build Command(s):/Applications/CLion.app/Contents/bin/ninja/mac/ninja cmTC_60429 && [1/2] Building C object CMakeFiles/cmTC_60429.dir/CheckSymbolExists.c.o
FAILED: CMakeFiles/cmTC_60429.dir/CheckSymbolExists.c.o 
/Applications/Xcode.app/Contents/Developer/Toolchains/XcodeDefault.xctoolchain/usr/bin/cc   -D_GNU_SOURCE=1 -arch arm64 -isysroot /Applications/Xcode.app/Contents/Developer/Platforms/MacOSX.platform/Developer/SDKs/MacOSX13.3.sdk -fcolor-diagnostics -MD -MT CMakeFiles/cmTC_60429.dir/CheckSymbolExists.c.o -MF CMakeFiles/cmTC_60429.dir/CheckSymbolExists.c.o.d -o CMakeFiles/cmTC_60429.dir/CheckSymbolExists.c.o -c '/Users/hunter/Queen'\''s University/CISC 320/CasinoLite/cmake-build-debug/CMakeFiles/CMakeScratch/TryCompile-hTKtrH/CheckSymbolExists.c'
/Users/hunter/Queen's University/CISC 320/CasinoLite/cmake-build-debug/CMakeFiles/CMakeScratch/TryCompile-hTKtrH/CheckSymbolExists.c:25:19: error: use of undeclared identifier 'sqr'; did you mean 'sqrt'?
  return ((int*)(&sqr))[argc];
                  ^~~
                  sqrt
/Applications/Xcode.app/Contents/Developer/Platforms/MacOSX.platform/Developer/SDKs/MacOSX13.3.sdk/usr/include/math.h:433:15: note: 'sqrt' declared here
extern double sqrt(double);
              ^
1 error generated.
ninja: build stopped: subcommand failed.


File CheckSymbolExists.c:
/* */
#include <alloca.h>
#include <ctype.h>
#include <float.h>
#include <iconv.h>
#include <inttypes.h>
#include <limits.h>
#include <math.h>
#include <memory.h>
#include <signal.h>
#include <stdarg.h>
#include <stddef.h>
#include <stdint.h>
#include <stdio.h>
#include <stdlib.h>
#include <string.h>
#include <strings.h>
#include <sys/types.h>
#include <wchar.h>

int main(int argc, char** argv)
{
  (void)argv;
#ifndef sqr
  return ((int*)(&sqr))[argc];
#else
  (void)argc;
  return 0;
#endif
}

Determining if the include file linux/input.h exists failed with the following output:
Change Dir: /Users/hunter/Queen's University/CISC 320/CasinoLite/cmake-build-debug/CMakeFiles/CMakeScratch/TryCompile-9nZ5jd

Run Build Command(s):/Applications/CLion.app/Contents/bin/ninja/mac/ninja cmTC_7e599 && [1/2] Building C object CMakeFiles/cmTC_7e599.dir/CheckIncludeFile.c.o
FAILED: CMakeFiles/cmTC_7e599.dir/CheckIncludeFile.c.o 
/Applications/Xcode.app/Contents/Developer/Toolchains/XcodeDefault.xctoolchain/usr/bin/cc   -D_GNU_SOURCE=1 -arch arm64 -isysroot /Applications/Xcode.app/Contents/Developer/Platforms/MacOSX.platform/Developer/SDKs/MacOSX13.3.sdk -fcolor-diagnostics -MD -MT CMakeFiles/cmTC_7e599.dir/CheckIncludeFile.c.o -MF CMakeFiles/cmTC_7e599.dir/CheckIncludeFile.c.o.d -o CMakeFiles/cmTC_7e599.dir/CheckIncludeFile.c.o -c '/Users/hunter/Queen'\''s University/CISC 320/CasinoLite/cmake-build-debug/CMakeFiles/CMakeScratch/TryCompile-9nZ5jd/CheckIncludeFile.c'
/Users/hunter/Queen's University/CISC 320/CasinoLite/cmake-build-debug/CMakeFiles/CMakeScratch/TryCompile-9nZ5jd/CheckIncludeFile.c:1:10: fatal error: 'linux/input.h' file not found
#include <linux/input.h>
         ^~~~~~~~~~~~~~~
1 error generated.
ninja: build stopped: subcommand failed.



Determining if the getauxval exist failed with the following output:
Change Dir: /Users/hunter/Queen's University/CISC 320/CasinoLite/cmake-build-debug/CMakeFiles/CMakeScratch/TryCompile-mwDD7a

Run Build Command(s):/Applications/CLion.app/Contents/bin/ninja/mac/ninja cmTC_843bf && [1/2] Building C object CMakeFiles/cmTC_843bf.dir/CheckSymbolExists.c.o
FAILED: CMakeFiles/cmTC_843bf.dir/CheckSymbolExists.c.o 
/Applications/Xcode.app/Contents/Developer/Toolchains/XcodeDefault.xctoolchain/usr/bin/cc   -D_GNU_SOURCE=1 -arch arm64 -isysroot /Applications/Xcode.app/Contents/Developer/Platforms/MacOSX.platform/Developer/SDKs/MacOSX13.3.sdk -fcolor-diagnostics -MD -MT CMakeFiles/cmTC_843bf.dir/CheckSymbolExists.c.o -MF CMakeFiles/cmTC_843bf.dir/CheckSymbolExists.c.o.d -o CMakeFiles/cmTC_843bf.dir/CheckSymbolExists.c.o -c '/Users/hunter/Queen'\''s University/CISC 320/CasinoLite/cmake-build-debug/CMakeFiles/CMakeScratch/TryCompile-mwDD7a/CheckSymbolExists.c'
/Users/hunter/Queen's University/CISC 320/CasinoLite/cmake-build-debug/CMakeFiles/CMakeScratch/TryCompile-mwDD7a/CheckSymbolExists.c:2:10: fatal error: 'sys/auxv.h' file not found
#include <sys/auxv.h>
         ^~~~~~~~~~~~
1 error generated.
ninja: build stopped: subcommand failed.


File CheckSymbolExists.c:
/* */
#include <sys/auxv.h>

int main(int argc, char** argv)
{
  (void)argv;
#ifndef getauxval
  return ((int*)(&getauxval))[argc];
#else
  (void)argc;
  return 0;
#endif
}

Determining if the elf_aux_info exist failed with the following output:
Change Dir: /Users/hunter/Queen's University/CISC 320/CasinoLite/cmake-build-debug/CMakeFiles/CMakeScratch/TryCompile-pJY4XM

Run Build Command(s):/Applications/CLion.app/Contents/bin/ninja/mac/ninja cmTC_3d678 && [1/2] Building C object CMakeFiles/cmTC_3d678.dir/CheckSymbolExists.c.o
FAILED: CMakeFiles/cmTC_3d678.dir/CheckSymbolExists.c.o 
/Applications/Xcode.app/Contents/Developer/Toolchains/XcodeDefault.xctoolchain/usr/bin/cc   -D_GNU_SOURCE=1 -arch arm64 -isysroot /Applications/Xcode.app/Contents/Developer/Platforms/MacOSX.platform/Developer/SDKs/MacOSX13.3.sdk -fcolor-diagnostics -MD -MT CMakeFiles/cmTC_3d678.dir/CheckSymbolExists.c.o -MF CMakeFiles/cmTC_3d678.dir/CheckSymbolExists.c.o.d -o CMakeFiles/cmTC_3d678.dir/CheckSymbolExists.c.o -c '/Users/hunter/Queen'\''s University/CISC 320/CasinoLite/cmake-build-debug/CMakeFiles/CMakeScratch/TryCompile-pJY4XM/CheckSymbolExists.c'
/Users/hunter/Queen's University/CISC 320/CasinoLite/cmake-build-debug/CMakeFiles/CMakeScratch/TryCompile-pJY4XM/CheckSymbolExists.c:2:10: fatal error: 'sys/auxv.h' file not found
#include <sys/auxv.h>
         ^~~~~~~~~~~~
1 error generated.
ninja: build stopped: subcommand failed.


File CheckSymbolExists.c:
/* */
#include <sys/auxv.h>

int main(int argc, char** argv)
{
  (void)argv;
#ifndef elf_aux_info
  return ((int*)(&elf_aux_info))[argc];
#else
  (void)argc;
  return 0;
#endif
}

Performing C SOURCE FILE Test Iconv_IS_BUILT_IN failed with the following output:
Change Dir: /Users/hunter/Queen's University/CISC 320/CasinoLite/cmake-build-debug/CMakeFiles/CMakeScratch/TryCompile-oHnyma

Run Build Command(s):/Applications/CLion.app/Contents/bin/ninja/mac/ninja cmTC_19b91 && [1/2] Building C object CMakeFiles/cmTC_19b91.dir/src.c.o
[2/2] Linking C executable cmTC_19b91
FAILED: cmTC_19b91 
: && /Applications/Xcode.app/Contents/Developer/Toolchains/XcodeDefault.xctoolchain/usr/bin/cc -arch arm64 -isysroot /Applications/Xcode.app/Contents/Developer/Platforms/MacOSX.platform/Developer/SDKs/MacOSX13.3.sdk -Wl,-search_paths_first -Wl,-headerpad_max_install_names  CMakeFiles/cmTC_19b91.dir/src.c.o -o cmTC_19b91   && :
Undefined symbols for architecture arm64:
  "_iconv", referenced from:
      _main in src.c.o
  "_iconv_close", referenced from:
      _main in src.c.o
  "_iconv_open", referenced from:
      _main in src.c.o
ld: symbol(s) not found for architecture arm64
clang: error: linker command failed with exit code 1 (use -v to see invocation)
ninja: build stopped: subcommand failed.


Source file was:

      #include <stddef.h>
      #include <iconv.h>
      int main() {
        char *a, *b;
        size_t i, j;
        iconv_t ic;
        ic = iconv_open("to", "from");
        iconv(ic, &a, &i, &b, &j);
        iconv_close(ic);
      }
      

Performing C SOURCE FILE Test COMPILER_HAS_SEM_TIMEDWAIT failed with the following output:
Change Dir: /Users/hunter/Queen's University/CISC 320/CasinoLite/cmake-build-debug/CMakeFiles/CMakeScratch/TryCompile-e0bF39

Run Build Command(s):/Applications/CLion.app/Contents/bin/ninja/mac/ninja cmTC_6f0ec && [1/2] Building C object CMakeFiles/cmTC_6f0ec.dir/src.c.o
FAILED: CMakeFiles/cmTC_6f0ec.dir/src.c.o 
/Applications/Xcode.app/Contents/Developer/Toolchains/XcodeDefault.xctoolchain/usr/bin/cc -DCOMPILER_HAS_SEM_TIMEDWAIT  -D_GNU_SOURCE=1 -D_THREAD_SAFE -arch arm64 -isysroot /Applications/Xcode.app/Contents/Developer/Platforms/MacOSX.platform/Developer/SDKs/MacOSX13.3.sdk -fcolor-diagnostics -MD -MT CMakeFiles/cmTC_6f0ec.dir/src.c.o -MF CMakeFiles/cmTC_6f0ec.dir/src.c.o.d -o CMakeFiles/cmTC_6f0ec.dir/src.c.o -c '/Users/hunter/Queen'\''s University/CISC 320/CasinoLite/cmake-build-debug/CMakeFiles/CMakeScratch/TryCompile-e0bF39/src.c'
/Users/hunter/Queen's University/CISC 320/CasinoLite/cmake-build-debug/CMakeFiles/CMakeScratch/TryCompile-e0bF39/src.c:5:19: error: call to undeclared function 'sem_timedwait'; ISO C99 and later do not support implicit function declarations [-Wimplicit-function-declaration]
                  sem_timedwait(NULL, NULL);
                  ^
/Users/hunter/Queen's University/CISC 320/CasinoLite/cmake-build-debug/CMakeFiles/CMakeScratch/TryCompile-e0bF39/src.c:5:19: note: did you mean 'sem_trywait'?
/Applications/Xcode.app/Contents/Developer/Platforms/MacOSX.platform/Developer/SDKs/MacOSX13.3.sdk/usr/include/sys/semaphore.h:58:5: note: 'sem_trywait' declared here
int sem_trywait(sem_t *);
    ^
1 error generated.
ninja: build stopped: subcommand failed.


Source file was:

              #include <pthread.h>
              #include <semaphore.h>
              int main(int argc, char **argv) {
                  sem_timedwait(NULL, NULL);
                  return 0;
              }

Determining if the include file pthread_np.h exists failed with the following output:
Change Dir: /Users/hunter/Queen's University/CISC 320/CasinoLite/cmake-build-debug/CMakeFiles/CMakeScratch/TryCompile-mfc4A7

Run Build Command(s):/Applications/CLion.app/Contents/bin/ninja/mac/ninja cmTC_1d7a3 && [1/2] Building C object CMakeFiles/cmTC_1d7a3.dir/CheckIncludeFile.c.o
FAILED: CMakeFiles/cmTC_1d7a3.dir/CheckIncludeFile.c.o 
/Applications/Xcode.app/Contents/Developer/Toolchains/XcodeDefault.xctoolchain/usr/bin/cc   -D_GNU_SOURCE=1 -D_THREAD_SAFE -arch arm64 -isysroot /Applications/Xcode.app/Contents/Developer/Platforms/MacOSX.platform/Developer/SDKs/MacOSX13.3.sdk -fcolor-diagnostics -MD -MT CMakeFiles/cmTC_1d7a3.dir/CheckIncludeFile.c.o -MF CMakeFiles/cmTC_1d7a3.dir/CheckIncludeFile.c.o.d -o CMakeFiles/cmTC_1d7a3.dir/CheckIncludeFile.c.o -c '/Users/hunter/Queen'\''s University/CISC 320/CasinoLite/cmake-build-debug/CMakeFiles/CMakeScratch/TryCompile-mfc4A7/CheckIncludeFile.c'
/Users/hunter/Queen's University/CISC 320/CasinoLite/cmake-build-debug/CMakeFiles/CMakeScratch/TryCompile-mfc4A7/CheckIncludeFile.c:1:10: fatal error: 'pthread_np.h' file not found
#include <pthread_np.h>
         ^~~~~~~~~~~~~~
1 error generated.
ninja: build stopped: subcommand failed.



